<?xml version="1.0" encoding="UTF-8"?>
<!-- Generated by org.testng.reporters.JUnitXMLReporter -->
<testsuite ignored="4" hostname="DESKTOP-AS3QQ1H" failures="0" tests="3" name="Test" time="0.334" errors="0" timestamp="2024-01-01T13:16:07 IST">
  <testcase classname="com.db.testBase.TestBase" name="@BeforeMethod setUp" time="-1.70409516752E9">
    <failure type="org.testng.TestNGException" message="
Parameter &amp;apos;browser&amp;apos; is required by BeforeMethod on method setUp but has not been marked @Optional or defined
in C:\notepadprograms\06AugDemoBlaze\testng.xml">
      <![CDATA[org.testng.TestNGException: 
Parameter 'browser' is required by BeforeMethod on method setUp but has not been marked @Optional or defined
in C:\notepadprograms\06AugDemoBlaze\testng.xml
at java.base/java.util.ArrayList.forEach(ArrayList.java:1511)
... Removed 28 stack frames]]>
    </failure>
  </testcase> <!-- @BeforeMethod setUp -->
  <testcase classname="com.db.testBase.TestBase" name="@AfterMethod tearDown" time="-1.704095167559E9">
    <skipped/>
  </testcase> <!-- @AfterMethod tearDown -->
  <testcase classname="com.db.testBase.TestBase" name="@BeforeMethod setUp" time="-1.704095167567E9">
    <skipped/>
  </testcase> <!-- @BeforeMethod setUp -->
  <testcase classname="com.db.testBase.TestBase" name="@AfterMethod tearDown" time="-1.704095167575E9">
    <skipped/>
  </testcase> <!-- @AfterMethod tearDown -->
  <testcase classname="com.db.testBase.TestBase" name="@BeforeMethod setUp" time="-1.704095167584E9">
    <failure type="org.testng.TestNGException" message="
Parameter &amp;apos;browser&amp;apos; is required by BeforeMethod on method setUp but has not been marked @Optional or defined
in C:\notepadprograms\06AugDemoBlaze\testng.xml">
      <![CDATA[org.testng.TestNGException: 
Parameter 'browser' is required by BeforeMethod on method setUp but has not been marked @Optional or defined
in C:\notepadprograms\06AugDemoBlaze\testng.xml
at java.base/java.util.ArrayList.forEach(ArrayList.java:1511)
... Removed 28 stack frames]]>
    </failure>
  </testcase> <!-- @BeforeMethod setUp -->
  <testcase classname="com.db.testBase.TestBase" name="@AfterMethod tearDown" time="-1.704095167629E9">
    <skipped/>
  </testcase> <!-- @AfterMethod tearDown -->
  <testcase classname="com.db.testLayer.BuyProduct" name="verifyBuyProductWithLogin" time="0.0">
    <skipped/>
  </testcase> <!-- verifyBuyProductWithLogin -->
  <testcase classname="com.db.testLayer.BuyProduct" name="verifyBuyProductWithLogin1" time="0.0">
    <skipped/>
  </testcase> <!-- verifyBuyProductWithLogin1 -->
  <testcase classname="com.db.testLayer.LoginPageTest" name="verifyLogin" time="0.0">
    <skipped/>
  </testcase> <!-- verifyLogin -->
  <testcase classname="com.db.testBase.TestBase" name="@BeforeTest start" time="0.0">
    <ignored/>
  </testcase> <!-- @BeforeTest start -->
  <testcase classname="com.db.testBase.TestBase" name="@BeforeTest start" time="0.0">
    <ignored/>
  </testcase> <!-- @BeforeTest start -->
  <testcase classname="com.db.testBase.TestBase" name="@AfterTest end" time="0.0">
    <ignored/>
  </testcase> <!-- @AfterTest end -->
  <testcase classname="com.db.testBase.TestBase" name="@AfterTest end" time="0.0">
    <ignored/>
  </testcase> <!-- @AfterTest end -->
</testsuite> <!-- Test -->
